This is pdfTeX, Version 3.141592653-2.6-1.40.24 (MiKTeX 22.7) (preloaded format=pdflatex 2022.7.22)  4 AUG 2022 01:23
entering extended mode
 restricted \write18 enabled.
 %&-line parsing enabled.
**./00_PRJ_main.tex
(00_PRJ_main.tex
LaTeX2e <2022-06-01> patch level 5
L3 programming layer <2022-07-04>
(D:\isel\LEIM\PRJ_2122SV\LaTeX\tex/latex/base\book.cls
Document Class: book 2021/10/04 v1.4n Standard LaTeX document class
(D:\isel\LEIM\PRJ_2122SV\LaTeX\tex/latex/base\bk12.clo
File: bk12.clo 2021/10/04 v1.4n Standard LaTeX file (size option)
)
\c@part=\count185
\c@chapter=\count186
\c@section=\count187
\c@subsection=\count188
\c@subsubsection=\count189
\c@paragraph=\count190
\c@subparagraph=\count191
\c@figure=\count192
\c@table=\count193
\abovecaptionskip=\skip47
\belowcaptionskip=\skip48
\bibindent=\dimen138
)
(D:\isel\LEIM\PRJ_2122SV\LaTeX\tex/latex/base\inputenc.sty
Package: inputenc 2021/02/14 v1.3d Input encoding file
\inpenc@prehook=\toks16
\inpenc@posthook=\toks17

(D:\isel\LEIM\PRJ_2122SV\LaTeX\tex/latex/base\latin1.def
File: latin1.def 2021/02/14 v1.3d Input encoding file
))
(D:\isel\LEIM\PRJ_2122SV\LaTeX\tex/generic/babel\babel.sty
Package: babel 2022/06/26 3.77 The Babel package
\babel@savecnt=\count194
\U@D=\dimen139
\l@unhyphenated=\language79

(D:\isel\LEIM\PRJ_2122SV\LaTeX\tex/generic/babel\txtbabel.def)
\bbl@readstream=\read2
\bbl@dirlevel=\count195

*************************************
* Local config file bblopts.cfg used
*
(D:\isel\LEIM\PRJ_2122SV\LaTeX\tex/latex/arabi\bblopts.cfg
File: bblopts.cfg 2005/09/08 v0.1 add Arabic and Farsi to "declared" options of
 babel
)
(D:\isel\LEIM\PRJ_2122SV\LaTeX\tex/latex/babel-portuges\portuguese.ldf
Language: portuges 2021/07/09 v1.2t Portuguese support from the babel system
Package babel Info: Making " an active character on input line 143.
))
(D:\isel\LEIM\PRJ_2122SV\LaTeX\tex/generic/babel/locale/pt\babel-portuguese.tex
Package babel Info: Importing font and identification data for portuguese
(babel)             from babel-pt.ini. Reported on input line 11.
) (D:\isel\LEIM\PRJ_2122SV\LaTeX\tex/latex/graphics\graphicx.sty
Package: graphicx 2021/09/16 v1.2d Enhanced LaTeX Graphics (DPC,SPQR)

(D:\isel\LEIM\PRJ_2122SV\LaTeX\tex/latex/graphics\keyval.sty
Package: keyval 2022/05/29 v1.15 key=value parser (DPC)
\KV@toks@=\toks18
)
(D:\isel\LEIM\PRJ_2122SV\LaTeX\tex/latex/graphics\graphics.sty
Package: graphics 2022/03/10 v1.4e Standard LaTeX Graphics (DPC,SPQR)

(D:\isel\LEIM\PRJ_2122SV\LaTeX\tex/latex/graphics\trig.sty
Package: trig 2021/08/11 v1.11 sin cos tan (DPC)
)
(D:\isel\LEIM\PRJ_2122SV\LaTeX\tex/latex/graphics-cfg\graphics.cfg
File: graphics.cfg 2016/06/04 v1.11 sample graphics configuration
)
Package graphics Info: Driver file: pdftex.def on input line 107.

(D:\isel\LEIM\PRJ_2122SV\LaTeX\tex/latex/graphics-def\pdftex.def
File: pdftex.def 2020/10/05 v1.2a Graphics/color driver for pdftex
))
\Gin@req@height=\dimen140
\Gin@req@width=\dimen141
)
(D:\isel\LEIM\PRJ_2122SV\LaTeX\tex/latex/url\url.sty
\Urlmuskip=\muskip16
Package: url 2013/09/16  ver 3.4  Verb mode for urls, etc.
)
(D:\isel\LEIM\PRJ_2122SV\LaTeX\tex/latex/tools\verbatim.sty
Package: verbatim 2020-07-07 v1.5u LaTeX2e package for verbatim enhancements
\every@verbatim=\toks19
\verbatim@line=\toks20
\verbatim@in@stream=\read3
)
(D:\isel\LEIM\PRJ_2122SV\LaTeX\tex/latex/multirow\multirow.sty
Package: multirow 2021/03/15 v2.8 Span multiple rows of a table
\multirow@colwidth=\skip49
\multirow@cntb=\count196
\multirow@dima=\skip50
\bigstrutjot=\dimen142
)
(D:\isel\LEIM\PRJ_2122SV\LaTeX\tex/latex/amsmath\amsmath.sty
Package: amsmath 2022/04/08 v2.17n AMS math features
\@mathmargin=\skip51

For additional information on amsmath, use the `?' option.
(D:\isel\LEIM\PRJ_2122SV\LaTeX\tex/latex/amsmath\amstext.sty
Package: amstext 2021/08/26 v2.01 AMS text

(D:\isel\LEIM\PRJ_2122SV\LaTeX\tex/latex/amsmath\amsgen.sty
File: amsgen.sty 1999/11/30 v2.0 generic functions
\@emptytoks=\toks21
\ex@=\dimen143
))
(D:\isel\LEIM\PRJ_2122SV\LaTeX\tex/latex/amsmath\amsbsy.sty
Package: amsbsy 1999/11/29 v1.2d Bold Symbols
\pmbraise@=\dimen144
)
(D:\isel\LEIM\PRJ_2122SV\LaTeX\tex/latex/amsmath\amsopn.sty
Package: amsopn 2022/04/08 v2.04 operator names
)
\inf@bad=\count197
LaTeX Info: Redefining \frac on input line 234.
\uproot@=\count198
\leftroot@=\count199
LaTeX Info: Redefining \overline on input line 399.
LaTeX Info: Redefining \colon on input line 410.
\classnum@=\count266
\DOTSCASE@=\count267
LaTeX Info: Redefining \ldots on input line 496.
LaTeX Info: Redefining \dots on input line 499.
LaTeX Info: Redefining \cdots on input line 620.
\Mathstrutbox@=\box51
\strutbox@=\box52
LaTeX Info: Redefining \big on input line 722.
LaTeX Info: Redefining \Big on input line 723.
LaTeX Info: Redefining \bigg on input line 724.
LaTeX Info: Redefining \Bigg on input line 725.
\big@size=\dimen145
LaTeX Font Info:    Redeclaring font encoding OML on input line 743.
LaTeX Font Info:    Redeclaring font encoding OMS on input line 744.
\macc@depth=\count268
LaTeX Info: Redefining \bmod on input line 905.
LaTeX Info: Redefining \pmod on input line 910.
LaTeX Info: Redefining \smash on input line 940.
LaTeX Info: Redefining \relbar on input line 970.
LaTeX Info: Redefining \Relbar on input line 971.
\c@MaxMatrixCols=\count269
\dotsspace@=\muskip17
\c@parentequation=\count270
\dspbrk@lvl=\count271
\tag@help=\toks22
\row@=\count272
\column@=\count273
\maxfields@=\count274
\andhelp@=\toks23
\eqnshift@=\dimen146
\alignsep@=\dimen147
\tagshift@=\dimen148
\tagwidth@=\dimen149
\totwidth@=\dimen150
\lineht@=\dimen151
\@envbody=\toks24
\multlinegap=\skip52
\multlinetaggap=\skip53
\mathdisplay@stack=\toks25
LaTeX Info: Redefining \[ on input line 2953.
LaTeX Info: Redefining \] on input line 2954.
)
(D:\isel\LEIM\PRJ_2122SV\LaTeX\tex/latex/doublestroke\dsfont.sty
Package: dsfont 1995/08/01 v0.1 Double stroke roman fonts
)
(D:\isel\LEIM\PRJ_2122SV\LaTeX\tex/latex/tabls\tabls.sty
\tablinesep=\dimen152
\arraylinesep=\dimen153
\extrarulesep=\dimen154
\@arstdepth=\dimen155
\@arstheight=\dimen156
\@skip@bove=\dimen157
)
(D:\isel\LEIM\PRJ_2122SV\LaTeX\tex/latex/listings\listings.sty
\lst@mode=\count275
\lst@gtempboxa=\box53
\lst@token=\toks26
\lst@length=\count276
\lst@currlwidth=\dimen158
\lst@column=\count277
\lst@pos=\count278
\lst@lostspace=\dimen159
\lst@width=\dimen160
\lst@newlines=\count279
\lst@lineno=\count280
\lst@maxwidth=\dimen161

(D:\isel\LEIM\PRJ_2122SV\LaTeX\tex/latex/listings\lstmisc.sty
File: lstmisc.sty 2020/03/24 1.8d (Carsten Heinz)
\c@lstnumber=\count281
\lst@skipnumbers=\count282
\lst@framebox=\box54
)
(D:\isel\LEIM\PRJ_2122SV\LaTeX\tex/latex/listings\listings.cfg
File: listings.cfg 2020/03/24 1.8d listings configuration
))
Package: listings 2020/03/24 1.8d (Carsten Heinz)

(D:\isel\LEIM\PRJ_2122SV\LaTeX\tex/latex/algorithms\algorithm.sty
Package: algorithm 2009/08/24 v0.1 Document Style `algorithm' - floating enviro
nment

(D:\isel\LEIM\PRJ_2122SV\LaTeX\tex/latex/float\float.sty
Package: float 2001/11/08 v1.3d Float enhancements (AL)
\c@float@type=\count283
\float@exts=\toks27
\float@box=\box55
\@float@everytoks=\toks28
\@floatcapt=\box56
)
(D:\isel\LEIM\PRJ_2122SV\LaTeX\tex/latex/base\ifthen.sty
Package: ifthen 2022/04/13 v1.1d Standard LaTeX ifthen package (DPC)
)
\@float@every@algorithm=\toks29
\c@algorithm=\count284
)
(D:\isel\LEIM\PRJ_2122SV\LaTeX\tex/latex/chngcntr\chngcntr.sty
Package: chngcntr 2018/04/09 v1.1a change counter resetting
Package chngcntr Info: \counterwithout already defined.
(chngcntr)             Quitting chngcntr on input line 21.
)
(D:\isel\LEIM\PRJ_2122SV\LaTeX\tex/latex/fancyhdr\fancyhdr.sty
Package: fancyhdr 2022/05/18 v4.0.3 Extensive control of page headers and foote
rs
\f@nch@headwidth=\skip54
\f@nch@O@elh=\skip55
\f@nch@O@erh=\skip56
\f@nch@O@olh=\skip57
\f@nch@O@orh=\skip58
\f@nch@O@elf=\skip59
\f@nch@O@erf=\skip60
\f@nch@O@olf=\skip61
\f@nch@O@orf=\skip62
)
(D:\isel\LEIM\PRJ_2122SV\LaTeX\tex/latex/hyperref\hyperref.sty
Package: hyperref 2022-06-20 v7.00s Hypertext links for LaTeX

(D:\isel\LEIM\PRJ_2122SV\LaTeX\tex/generic/ltxcmds\ltxcmds.sty
Package: ltxcmds 2020-05-10 v1.25 LaTeX kernel commands for general use (HO)
)
(D:\isel\LEIM\PRJ_2122SV\LaTeX\tex/generic/iftex\iftex.sty
Package: iftex 2022/02/03 v1.0f TeX engine tests
)
(D:\isel\LEIM\PRJ_2122SV\LaTeX\tex/generic/pdftexcmds\pdftexcmds.sty
Package: pdftexcmds 2020-06-27 v0.33 Utility functions of pdfTeX for LuaTeX (HO
)

(D:\isel\LEIM\PRJ_2122SV\LaTeX\tex/generic/infwarerr\infwarerr.sty
Package: infwarerr 2019/12/03 v1.5 Providing info/warning/error messages (HO)
)
Package pdftexcmds Info: \pdf@primitive is available.
Package pdftexcmds Info: \pdf@ifprimitive is available.
Package pdftexcmds Info: \pdfdraftmode found.
)
(D:\isel\LEIM\PRJ_2122SV\LaTeX\tex/generic/kvsetkeys\kvsetkeys.sty
Package: kvsetkeys 2019/12/15 v1.18 Key value parser (HO)
)
(D:\isel\LEIM\PRJ_2122SV\LaTeX\tex/generic/kvdefinekeys\kvdefinekeys.sty
Package: kvdefinekeys 2019-12-19 v1.6 Define keys (HO)
)
(D:\isel\LEIM\PRJ_2122SV\LaTeX\tex/generic/pdfescape\pdfescape.sty
Package: pdfescape 2019/12/09 v1.15 Implements pdfTeX's escape features (HO)
)
(D:\isel\LEIM\PRJ_2122SV\LaTeX\tex/latex/hycolor\hycolor.sty
Package: hycolor 2020-01-27 v1.10 Color options for hyperref/bookmark (HO)
)
(D:\isel\LEIM\PRJ_2122SV\LaTeX\tex/latex/letltxmacro\letltxmacro.sty
Package: letltxmacro 2019/12/03 v1.6 Let assignment for LaTeX macros (HO)
)
(D:\isel\LEIM\PRJ_2122SV\LaTeX\tex/latex/auxhook\auxhook.sty
Package: auxhook 2019-12-17 v1.6 Hooks for auxiliary files (HO)
)
(D:\isel\LEIM\PRJ_2122SV\LaTeX\tex/latex/hyperref\nameref.sty
Package: nameref 2022-05-17 v2.50 Cross-referencing by name of section

(D:\isel\LEIM\PRJ_2122SV\LaTeX\tex/latex/refcount\refcount.sty
Package: refcount 2019/12/15 v3.6 Data extraction from label references (HO)
)
(D:\isel\LEIM\PRJ_2122SV\LaTeX\tex/generic/gettitlestring\gettitlestring.sty
Package: gettitlestring 2019/12/15 v1.6 Cleanup title references (HO)

(D:\isel\LEIM\PRJ_2122SV\LaTeX\tex/latex/kvoptions\kvoptions.sty
Package: kvoptions 2022-06-15 v3.15 Key value format for package options (HO)
))
\c@section@level=\count285
)
\@linkdim=\dimen162
\Hy@linkcounter=\count286
\Hy@pagecounter=\count287

(D:\isel\LEIM\PRJ_2122SV\LaTeX\tex/latex/hyperref\pd1enc.def
File: pd1enc.def 2022-06-20 v7.00s Hyperref: PDFDocEncoding definition (HO)
Now handling font encoding PD1 ...
... no UTF-8 mapping file for font encoding PD1
)
(D:\isel\LEIM\PRJ_2122SV\LaTeX\tex/generic/intcalc\intcalc.sty
Package: intcalc 2019/12/15 v1.3 Expandable calculations with integers (HO)
)
(D:\isel\LEIM\PRJ_2122SV\LaTeX\tex/generic/etexcmds\etexcmds.sty
Package: etexcmds 2019/12/15 v1.7 Avoid name clashes with e-TeX commands (HO)
)
\Hy@SavedSpaceFactor=\count288

(D:\isel\LEIM\PRJ_2122SV\LaTeX\tex/latex/hyperref\puenc.def
File: puenc.def 2022-06-20 v7.00s Hyperref: PDF Unicode definition (HO)
Now handling font encoding PU ...
... no UTF-8 mapping file for font encoding PU
)
Package hyperref Info: Hyper figures OFF on input line 4162.
Package hyperref Info: Link nesting OFF on input line 4167.
Package hyperref Info: Hyper index ON on input line 4170.
Package hyperref Info: Plain pages OFF on input line 4177.
Package hyperref Info: Backreferencing OFF on input line 4182.
Package hyperref Info: Implicit mode ON; LaTeX internals redefined.
Package hyperref Info: Bookmarks ON on input line 4408.
\c@Hy@tempcnt=\count289
LaTeX Info: Redefining \url on input line 4746.
\XeTeXLinkMargin=\dimen163

(D:\isel\LEIM\PRJ_2122SV\LaTeX\tex/generic/bitset\bitset.sty
Package: bitset 2019/12/09 v1.3 Handle bit-vector datatype (HO)

(D:\isel\LEIM\PRJ_2122SV\LaTeX\tex/generic/bigintcalc\bigintcalc.sty
Package: bigintcalc 2019/12/15 v1.5 Expandable calculations on big integers (HO
)
))
\Fld@menulength=\count290
\Field@Width=\dimen164
\Fld@charsize=\dimen165
Package hyperref Info: Hyper figures OFF on input line 6024.
Package hyperref Info: Link nesting OFF on input line 6029.
Package hyperref Info: Hyper index ON on input line 6032.
Package hyperref Info: backreferencing OFF on input line 6039.
Package hyperref Info: Link coloring OFF on input line 6044.
Package hyperref Info: Link coloring with OCG OFF on input line 6049.
Package hyperref Info: PDF/A mode OFF on input line 6054.

(D:\isel\LEIM\PRJ_2122SV\LaTeX\tex/latex/base\atbegshi-ltx.sty
Package: atbegshi-ltx 2021/01/10 v1.0c Emulation of the original atbegshi
package with kernel methods
)
\Hy@abspage=\count291
\c@Item=\count292
\c@Hfootnote=\count293
)
Package hyperref Info: Driver (autodetected): hpdftex.

(D:\isel\LEIM\PRJ_2122SV\LaTeX\tex/latex/hyperref\hpdftex.def
File: hpdftex.def 2022-06-20 v7.00s Hyperref driver for pdfTeX

(D:\isel\LEIM\PRJ_2122SV\LaTeX\tex/latex/base\atveryend-ltx.sty
Package: atveryend-ltx 2020/08/19 v1.0a Emulation of the original atveryend pac
kage
with kernel methods
)
\Fld@listcount=\count294
\c@bookmark@seq@number=\count295

(D:\isel\LEIM\PRJ_2122SV\LaTeX\tex/latex/rerunfilecheck\rerunfilecheck.sty
Package: rerunfilecheck 2022-07-10 v1.10 Rerun checks for auxiliary files (HO)

(D:\isel\LEIM\PRJ_2122SV\LaTeX\tex/generic/uniquecounter\uniquecounter.sty
Package: uniquecounter 2019/12/15 v1.4 Provide unlimited unique counter (HO)
)
Package uniquecounter Info: New unique counter `rerunfilecheck' on input line 2
85.
)
\Hy@SectionHShift=\skip63
)
(00_PRJ_padrao.sty
\defbaselineskip=\skip64
)
(D:\isel\LEIM\PRJ_2122SV\LaTeX\tex/latex/l3backend\l3backend-pdftex.def
File: l3backend-pdftex.def 2022-07-01 L3 backend support: PDF output (pdfTeX)
\l__color_backend_stack_int=\count296
\l__pdf_internal_box=\box57
)
(00_PRJ_main.aux (00a_PRJ_resumo_abstract.aux) (00b_PRJ_agradecimentos.aux)
(00c_PRJ_dedicatoria.aux)

LaTeX Warning: Label `sec:abordagem' multiply defined.

)
\openout1 = `00_PRJ_main.aux'.

LaTeX Font Info:    Checking defaults for OML/cmm/m/it on input line 124.
LaTeX Font Info:    ... okay on input line 124.
LaTeX Font Info:    Checking defaults for OMS/cmsy/m/n on input line 124.
LaTeX Font Info:    ... okay on input line 124.
LaTeX Font Info:    Checking defaults for OT1/cmr/m/n on input line 124.
LaTeX Font Info:    ... okay on input line 124.
LaTeX Font Info:    Checking defaults for T1/cmr/m/n on input line 124.
LaTeX Font Info:    ... okay on input line 124.
LaTeX Font Info:    Checking defaults for TS1/cmr/m/n on input line 124.
LaTeX Font Info:    ... okay on input line 124.
LaTeX Font Info:    Checking defaults for OMX/cmex/m/n on input line 124.
LaTeX Font Info:    ... okay on input line 124.
LaTeX Font Info:    Checking defaults for U/cmr/m/n on input line 124.
LaTeX Font Info:    ... okay on input line 124.
LaTeX Font Info:    Checking defaults for PD1/pdf/m/n on input line 124.
LaTeX Font Info:    ... okay on input line 124.
LaTeX Font Info:    Checking defaults for PU/pdf/m/n on input line 124.
LaTeX Font Info:    ... okay on input line 124.
 (D:\isel\LEIM\PRJ_2122SV\LaTeX\tex/context/base/mkii\supp-pdf.mkii
[Loading MPS to PDF converter (version 2006.09.02).]
\scratchcounter=\count297
\scratchdimen=\dimen166
\scratchbox=\box58
\nofMPsegments=\count298
\nofMParguments=\count299
\everyMPshowfont=\toks30
\MPscratchCnt=\count300
\MPscratchDim=\dimen167
\MPnumerator=\count301
\makeMPintoPDFobject=\count302
\everyMPtoPDFconversion=\toks31
) (D:\isel\LEIM\PRJ_2122SV\LaTeX\tex/latex/epstopdf-pkg\epstopdf-base.sty
Package: epstopdf-base 2020-01-24 v2.11 Base part for package epstopdf
Package epstopdf-base Info: Redefining graphics rule for `.eps' on input line 4
85.

(D:\isel\LEIM\PRJ_2122SV\LaTeX\tex/latex/00miktex\epstopdf-sys.cfg
File: epstopdf-sys.cfg 2021/03/18 v2.0 Configuration of epstopdf for MiKTeX
))
\c@lstlisting=\count303
Package hyperref Info: Link coloring OFF on input line 124.

(00_PRJ_main.out) (00_PRJ_main.out)
\@outlinefile=\write3
\openout3 = `00_PRJ_main.out'.

<./fig_logo_ISEL.png, id=147, 464.4552pt x 456.7464pt>
File: ./fig_logo_ISEL.png Graphic file (type png)
<use ./fig_logo_ISEL.png>
Package pdftex.def Info: ./fig_logo_ISEL.png  used on input line 130.
(pdftex.def)             Requested size: 49.79231pt x 48.95988pt.
 [1



{C:/Users/carin/AppData/Local/MiKTeX/fonts/map/pdftex/pdftex.map} <./fig_logo_I
SEL.png>] [0

]
\openout2 = `./00a_PRJ_resumo_abstract.aux'.


(00a_PRJ_resumo_abstract.tex
pdfTeX warning (ext4): destination with the same identifier (name{page.i}) has 
been already used, duplicate ignored
<to be read again> 
                   \relax 
l.30 \myPrefaceChapter{Abstract}
                                 [1


] [2

]) [3]
\openout2 = `./00b_PRJ_agradecimentos.aux'.

 (00b_PRJ_agradecimentos.tex
[4




]) [5]
\openout2 = `./00c_PRJ_dedicatoria.aux'.

 (00c_PRJ_dedicatoria.tex [6




]) [7] [8



] (00_PRJ_main.toc [9])
\tf@toc=\write4
\openout4 = `00_PRJ_main.toc'.

 [10]
(00_PRJ_main.lot)
\tf@lot=\write5
\openout5 = `00_PRJ_main.lot'.

 [11

] [12

] (00_PRJ_main.lof)
\tf@lof=\write6
\openout6 = `00_PRJ_main.lof'.

 [13] [14

] (01_PRJ_cap_1_2_3.tex
Cap\'{\i }tulo 1.
<./padel_court_racket_version.png, id=269, 82.50826pt x 128.8815pt>
File: ./padel_court_racket_version.png Graphic file (type png)
<use ./padel_court_racket_version.png>
Package pdftex.def Info: ./padel_court_racket_version.png  used on input line 2
6.
(pdftex.def)             Requested size: 56.9055pt x 88.88899pt.
[1

 <./padel_court_racket_version.png>] [2] [3] [4] [5] [6

]
Cap\'{\i }tulo 2.
[7]
Overfull \hbox (54.894pt too wide) in paragraph at lines 190--191
\OT1/cmr/m/n/12 ad-qui-rem para re-a-li-zar de-ter-mi-na-das ta-re-fas de forma
 au-tom^^Satica [[]].
 []


Overfull \hbox (5.8709pt too wide) in paragraph at lines 193--194
[]\OT1/cmr/m/n/12 De acordo com [[]], exis-tem tr^es ti-pos de apren-di-za-gem 
au-tom^^Satica: 
 []

[8] [9]
Overfull \hbox (16.13525pt too wide) in paragraph at lines 229--230
\OT1/cmr/m/n/12 cen-trada ou ^^Ra in-ten-si-dade m^^Sedia do si-nal numa de-ter
-mi-nada \OT1/cmr/m/it/12 frame \OT1/cmr/m/n/12 [[]]. 
 []

<./audio_features.png, id=334, 462.528pt x 346.896pt>
File: ./audio_features.png Graphic file (type png)
<use ./audio_features.png>
Package pdftex.def Info: ./audio_features.png  used on input line 235.
(pdftex.def)             Requested size: 341.43306pt x 256.08499pt.

Underfull \vbox (badness 10000) has occurred while \output is active []

 [10 <./audio_features.png>]

LaTeX Warning: Reference `sec:fundamentos' on page 11 undefined on input line 2
82.

[11] [12

]
Cap\'{\i }tulo 3.
[13] [14]
Cap\'{\i }tulo 4.

LaTeX Warning: Reference `sec:fundamentos' on page 15 undefined on input line 3
33.

[15

] [16]) (01_PRJ_cap_4_5_6.tex [17] [18

]
Cap\'{\i }tulo 5.
[19] [20

]
Cap\'{\i }tulo 6.

LaTeX Warning: Reference `sec:fundamentos' on page 21 undefined on input line 3
5.

File: ./fig_logo_ISEL.png Graphic file (type png)
<use ./fig_logo_ISEL.png>
Package pdftex.def Info: ./fig_logo_ISEL.png  used on input line 57.
(pdftex.def)             Requested size: 56.9055pt x 55.95714pt.
[21] [22

]
Cap\'{\i }tulo 7.
) (02_PRJ_cap_apendice.tex [23] [24

]
Ap\^endice A.
[25] [26

]
Ap\^endice B.
) [27] [28

] (00_PRJ_main.bbl [29

]
Underfull \hbox (badness 10000) in paragraph at lines 55--59
\OT1/cmtt/m/n/12 eng . libretexts . org / Bookshelves / Electrical _ Engineerin
g / Signal _
 []


Underfull \hbox (badness 10000) in paragraph at lines 55--59
\OT1/cmtt/m/n/12 Processing _ and _ Modeling / Signals _ and _ Systems _ (Baran
iuk _ et _ al .
 []


Underfull \hbox (badness 10000) in paragraph at lines 61--65
\OT1/cmtt/m/n/12 / / eng . libretexts . org / Bookshelves / Electrical _ Engine
ering /
 []


Underfull \hbox (badness 10000) in paragraph at lines 61--65
\OT1/cmtt/m/n/12 Signal _ Processing _ and _ Modeling / Signals _ and _ Systems
 _ (Baraniuk _
 []


Underfull \hbox (badness 10000) in paragraph at lines 61--65
\OT1/cmtt/m/n/12 et _ al . ) / 10 % 3A _ Sampling _ and _ Reconstruction / 10 .
 03 % 3A _ Signal _
 []

[30]
Underfull \hbox (badness 1142) in paragraph at lines 111--115
[]\OT1/cmr/m/n/12 Wooldridge, M. (2000).  \OT1/cmr/m/it/12 Re-a-so-ning About R
a-ti-o-nal
 []

) [31] (00_PRJ_main.aux (00a_PRJ_resumo_abstract.aux)
(00b_PRJ_agradecimentos.aux) (00c_PRJ_dedicatoria.aux))

LaTeX Warning: There were undefined references.


LaTeX Warning: There were multiply-defined labels.

Package rerunfilecheck Info: File `00_PRJ_main.out' has not changed.
(rerunfilecheck)             Checksum: 695C9CB25FE9953090987C2002E61849;5068.
 ) 
Here is how much of TeX's memory you used:
 12219 strings out of 478338
 198532 string characters out of 2843735
 512234 words of memory out of 3000000
 30322 multiletter control sequences out of 15000+600000
 477605 words of font info for 56 fonts, out of 8000000 for 9000
 1141 hyphenation exceptions out of 8191
 72i,12n,77p,1054b,571s stack positions out of 10000i,1000n,20000p,200000b,80000s
 <C:\Users\carin\AppData\Local\MiKTeX\fonts/pk/ljfour/jknappen/ec/dpi600\tcrm
1200.pk><D:/isel/LEIM/PRJ_2122SV/LaTeX/fonts/type1/public/amsfonts/cm/cmbx12.pf
b><D:/isel/LEIM/PRJ_2122SV/LaTeX/fonts/type1/public/amsfonts/cm/cmbxti10.pfb><D
:/isel/LEIM/PRJ_2122SV/LaTeX/fonts/type1/public/amsfonts/cm/cmcsc10.pfb><D:/ise
l/LEIM/PRJ_2122SV/LaTeX/fonts/type1/public/amsfonts/cm/cmex10.pfb><D:/isel/LEIM
/PRJ_2122SV/LaTeX/fonts/type1/public/amsfonts/cm/cmmi12.pfb><D:/isel/LEIM/PRJ_2
122SV/LaTeX/fonts/type1/public/amsfonts/cm/cmmi8.pfb><D:/isel/LEIM/PRJ_2122SV/L
aTeX/fonts/type1/public/amsfonts/cm/cmr10.pfb><D:/isel/LEIM/PRJ_2122SV/LaTeX/fo
nts/type1/public/amsfonts/cm/cmr12.pfb><D:/isel/LEIM/PRJ_2122SV/LaTeX/fonts/typ
e1/public/amsfonts/cm/cmr8.pfb><D:/isel/LEIM/PRJ_2122SV/LaTeX/fonts/type1/publi
c/amsfonts/cm/cmsl12.pfb><D:/isel/LEIM/PRJ_2122SV/LaTeX/fonts/type1/public/amsf
onts/cm/cmti10.pfb><D:/isel/LEIM/PRJ_2122SV/LaTeX/fonts/type1/public/amsfonts/c
m/cmti12.pfb><D:/isel/LEIM/PRJ_2122SV/LaTeX/fonts/type1/public/amsfonts/cm/cmtt
12.pfb>
Output written on 00_PRJ_main.pdf (47 pages, 445752 bytes).
PDF statistics:
 561 PDF objects out of 1000 (max. 8388607)
 110 named destinations out of 1000 (max. 500000)
 304 words of extra memory for PDF output out of 10000 (max. 10000000)

