\BOOKMARK [0][-]{chapter*.4}{\376\377\000R\000e\000s\000u\000m\000o}{}% 1
\BOOKMARK [0][-]{chapter*.5}{\376\377\000A\000b\000s\000t\000r\000a\000c\000t}{}% 2
\BOOKMARK [0][-]{chapter*.6}{\376\377\000A\000g\000r\000a\000d\000e\000c\000i\000m\000e\000n\000t\000o\000s}{}% 3
\BOOKMARK [0][-]{chapter*.8}{\376\377\000\315\000n\000d\000i\000c\000e}{}% 4
\BOOKMARK [0][-]{chapter*.9}{\376\377\000L\000i\000s\000t\000a\000\040\000d\000e\000\040\000T\000a\000b\000e\000l\000a\000s}{}% 5
\BOOKMARK [0][-]{chapter*.10}{\376\377\000L\000i\000s\000t\000a\000\040\000d\000e\000\040\000F\000i\000g\000u\000r\000a\000s}{}% 6
\BOOKMARK [0][-]{chapter.1}{\376\377\000I\000n\000t\000r\000o\000d\000u\000\347\000\343\000o}{}% 7
\BOOKMARK [1][-]{section.1.1}{\376\377\000M\000o\000t\000i\000v\000a\000\347\000\343\000o}{chapter.1}% 8
\BOOKMARK [1][-]{section.1.2}{\376\377\000P\000r\000i\000n\000c\000i\000p\000a\000i\000s\000\040\000C\000o\000n\000t\000r\000i\000b\000u\000t\000o\000s}{chapter.1}% 9
\BOOKMARK [1][-]{section.1.3}{\376\377\000V\000a\000l\000i\000d\000a\000\347\000\343\000o\000\040\000e\000\040\000T\000e\000s\000t\000e\000s}{chapter.1}% 10
\BOOKMARK [1][-]{section.1.4}{\376\377\000E\000s\000t\000r\000u\000t\000u\000r\000a\000\040\000d\000o\000\040\000R\000e\000l\000a\000t\000\363\000r\000i\000o}{chapter.1}% 11
\BOOKMARK [0][-]{chapter.2}{\376\377\000F\000u\000n\000d\000a\000m\000e\000n\000t\000o\000s}{}% 12
\BOOKMARK [1][-]{section.2.1}{\376\377\000C\000o\000n\000c\000e\000i\000t\000o\000s\000\040\000d\000e\000\040\000P\000r\000o\000c\000e\000s\000s\000a\000m\000e\000n\000t\000o\000\040\000d\000e\000\040\000S\000i\000n\000a\000l}{chapter.2}% 13
\BOOKMARK [2][-]{subsection.2.1.1}{\376\377\000A\000m\000o\000s\000t\000r\000a\000g\000e\000m}{section.2.1}% 14
\BOOKMARK [2][-]{subsection.2.1.2}{\376\377\000T\000r\000a\000n\000s\000f\000o\000r\000m\000a\000d\000a\000\040\000d\000e\000\040\000F\000o\000u\000r\000i\000e\000r}{section.2.1}% 15
\BOOKMARK [2][-]{subsection.2.1.3}{\376\377\000C\000a\000r\000a\000c\000t\000e\000r\000\355\000s\000t\000i\000c\000a\000s\000\040\000e\000x\000t\000r\000a\000\355\000d\000a\000s\000\040\000d\000o\000\040\000\341\000u\000d\000i\000o}{section.2.1}% 16
\BOOKMARK [1][-]{section.2.2}{\376\377\000C\000o\000n\000c\000e\000i\000t\000o\000s\000\040\000d\000e\000\040\000A\000p\000r\000e\000n\000d\000i\000z\000a\000g\000e\000m\000\040\000A\000u\000t\000o\000m\000\341\000t\000i\000c\000a}{chapter.2}% 17
\BOOKMARK [2][-]{subsection.2.2.1}{\376\377\000D\000a\000t\000a\000s\000e\000t}{section.2.2}% 18
\BOOKMARK [2][-]{subsection.2.2.2}{\376\377\000D\000e\000s\000i\000q\000u\000i\000l\000\355\000b\000r\000i\000o\000\040\000n\000o\000\040\000D\000a\000t\000a\000s\000e\000t}{section.2.2}% 19
\BOOKMARK [2][-]{subsection.2.2.3}{\376\377\000H\000i\000p\000e\000r\000-\000p\000a\000r\000\342\000m\000e\000t\000r\000o\000s}{section.2.2}% 20
\BOOKMARK [2][-]{subsection.2.2.4}{\376\377\000R\000e\000d\000e\000s\000\040\000N\000e\000u\000r\000o\000n\000a\000i\000s}{section.2.2}% 21
\BOOKMARK [2][-]{subsection.2.2.5}{\376\377\000V\000a\000l\000i\000d\000a\000\347\000\343\000o\000\040\000C\000r\000u\000z\000a\000d\000a}{section.2.2}% 22
\BOOKMARK [0][-]{chapter.3}{\376\377\000T\000r\000a\000b\000a\000l\000h\000o\000\040\000R\000e\000l\000a\000c\000i\000o\000n\000a\000d\000o}{}% 23
\BOOKMARK [0][-]{chapter.4}{\376\377\000M\000o\000d\000e\000l\000o\000\040\000P\000r\000o\000p\000o\000s\000t\000o}{}% 24
\BOOKMARK [1][-]{section.4.1}{\376\377\000D\000e\000s\000c\000r\000i\000\347\000\343\000o\000\040\000G\000e\000r\000a\000l\000\040\000d\000o\000\040\000S\000i\000s\000t\000e\000m\000a}{chapter.4}% 25
\BOOKMARK [1][-]{section.4.2}{\376\377\000R\000e\000q\000u\000i\000s\000i\000t\000o\000s}{chapter.4}% 26
\BOOKMARK [1][-]{section.4.3}{\376\377\000A\000b\000o\000r\000d\000a\000g\000e\000m}{chapter.4}% 27
\BOOKMARK [2][-]{subsection.4.3.1}{\376\377\000C\000o\000n\000s\000t\000r\000u\000\347\000\343\000o\000\040\000d\000o\000\040\000D\000a\000t\000a\000s\000e\000t}{section.4.3}% 28
\BOOKMARK [2][-]{subsection.4.3.2}{\376\377\000C\000o\000n\000s\000t\000r\000u\000\347\000\343\000o\000\040\000d\000o\000\040\000C\000l\000a\000s\000s\000i\000f\000i\000c\000a\000d\000o\000r}{section.4.3}% 29
\BOOKMARK [2][-]{subsection.4.3.3}{\376\377\000D\000e\000s\000e\000n\000v\000o\000l\000v\000i\000m\000e\000n\000t\000o\000\040\000d\000e\000\040\000u\000m\000a\000\040\000A\000p\000l\000i\000c\000a\000\347\000\343\000o\000\040\000w\000e\000b}{section.4.3}% 30
\BOOKMARK [0][-]{chapter.5}{\376\377\000I\000m\000p\000l\000e\000m\000e\000n\000t\000a\000\347\000\343\000o\000\040\000d\000o\000\040\000M\000o\000d\000e\000l\000o}{}% 31
\BOOKMARK [1][-]{section.5.1}{\376\377\000C\000o\000n\000s\000t\000r\000u\000\347\000\343\000o\000\040\000d\000o\000\040\000D\000a\000t\000a\000s\000e\000t}{chapter.5}% 32
\BOOKMARK [1][-]{section.5.2}{\376\377\000C\000o\000n\000s\000t\000r\000u\000\347\000\343\000o\000\040\000d\000o\000\040\000C\000l\000a\000s\000s\000i\000f\000i\000c\000a\000d\000o\000r}{chapter.5}% 33
\BOOKMARK [1][-]{section.5.3}{\376\377\000D\000e\000s\000e\000n\000v\000o\000l\000v\000i\000m\000e\000n\000t\000o\000\040\000d\000e\000\040\000u\000m\000a\000\040\000A\000p\000l\000i\000c\000a\000\347\000\343\000o\000\040\000w\000e\000b}{chapter.5}% 34
\BOOKMARK [0][-]{chapter.6}{\376\377\000V\000a\000l\000i\000d\000a\000\347\000\343\000o\000\040\000e\000\040\000T\000e\000s\000t\000e\000s}{}% 35
\BOOKMARK [0][-]{chapter.7}{\376\377\000C\000o\000n\000c\000l\000u\000s\000\365\000e\000s\000\040\000e\000\040\000T\000r\000a\000b\000a\000l\000h\000o\000\040\000F\000u\000t\000u\000r\000o}{}% 36
\BOOKMARK [0][-]{appendix.A}{\376\377\000U\000m\000\040\000D\000e\000t\000a\000l\000h\000e\000\040\000A\000d\000i\000c\000i\000o\000n\000a\000l}{}% 37
\BOOKMARK [0][-]{appendix.B}{\376\377\000O\000u\000t\000r\000o\000\040\000D\000e\000t\000a\000l\000h\000e\000\040\000A\000d\000i\000c\000i\000o\000n\000a\000l}{}% 38
\BOOKMARK [0][-]{appendix*.32}{\376\377\000B\000i\000b\000l\000i\000o\000g\000r\000a\000f\000i\000a}{}% 39
